# JRE version: OpenJDK Runtime Environment (17.0.1+12) (build 17.0.1+12-39)
# Java VM: OpenJDK 64-Bit Server VM (17.0.1+12-39, mixed mode, sharing, tiered, compressed oops, compressed class ptrs, serial gc, linux-amd64)
GC Precious Log:
 CPUs: 1 total, 1 available
 Memory: 3827M
 Large Page Support: Disabled
 NUMA Support: Disabled
 Compressed Oops: Enabled (32-bit)
 Heap Min Capacity: 8M
 Heap Initial Capacity: 60M
 Heap Max Capacity: 958M
 Pre-touch: Disabled
Heap:
 def new generation   total 18432K, used 12287K [0x00000000c4200000, 0x00000000c5600000, 0x00000000d8150000)
  eden space 16384K,  65% used [0x00000000c4200000, 0x00000000c4c76610, 0x00000000c5200000)
  from space 2048K,  76% used [0x00000000c5400000, 0x00000000c5589810, 0x00000000c5600000)
  to   space 2048K,   0% used [0x00000000c5200000, 0x00000000c5200000, 0x00000000c5400000)
 tenured generation   total 40960K, used 3762K [0x00000000d8150000, 0x00000000da950000, 0x0000000100000000)
   the space 40960K,   9% used [0x00000000d8150000, 0x00000000d84fc920, 0x00000000d84fca00, 0x00000000da950000)
 Metaspace       used 11192K, committed 11392K, reserved 1064960K
  class space    used 1682K, committed 1792K, reserved 1048576K
GC Heap History (6 events):
Event: 0,864 GC heap before
{Heap before GC invocations=0 (full 0):
 def new generation   total 18432K, used 16384K [0x00000000c4200000, 0x00000000c5600000, 0x00000000d8150000)
  eden space 16384K, 100% used [0x00000000c4200000, 0x00000000c5200000, 0x00000000c5200000)
  from space 2048K,   0% used [0x00000000c5200000, 0x00000000c5200000, 0x00000000c5400000)
  to   space 2048K,   0% used [0x00000000c5400000, 0x00000000c5400000, 0x00000000c5600000)
 tenured generation   total 40960K, used 0K [0x00000000d8150000, 0x00000000da950000, 0x0000000100000000)
   the space 40960K,   0% used [0x00000000d8150000, 0x00000000d8150000, 0x00000000d8150200, 0x00000000da950000)
 Metaspace       used 3597K, committed 3840K, reserved 1056768K
  class space    used 405K, committed 512K, reserved 1048576K
}
Event: 0,866 GC heap after
{Heap after GC invocations=1 (full 0):
 def new generation   total 18432K, used 1886K [0x00000000c4200000, 0x00000000c5600000, 0x00000000d8150000)
  eden space 16384K,   0% used [0x00000000c4200000, 0x00000000c4200000, 0x00000000c5200000)
  from space 2048K,  92% used [0x00000000c5400000, 0x00000000c55d7840, 0x00000000c5600000)
  to   space 2048K,   0% used [0x00000000c5200000, 0x00000000c5200000, 0x00000000c5400000)
 tenured generation   total 40960K, used 0K [0x00000000d8150000, 0x00000000da950000, 0x0000000100000000)
   the space 40960K,   0% used [0x00000000d8150000, 0x00000000d8150000, 0x00000000d8150200, 0x00000000da950000)
 Metaspace       used 3597K, committed 3840K, reserved 1056768K
  class space    used 405K, committed 512K, reserved 1048576K
}
Event: 1,338 GC heap before
{Heap before GC invocations=1 (full 0):
 def new generation   total 18432K, used 18270K [0x00000000c4200000, 0x00000000c5600000, 0x00000000d8150000)
  eden space 16384K, 100% used [0x00000000c4200000, 0x00000000c5200000, 0x00000000c5200000)
  from space 2048K,  92% used [0x00000000c5400000, 0x00000000c55d7840, 0x00000000c5600000)
  to   space 2048K,   0% used [0x00000000c5200000, 0x00000000c5200000, 0x00000000c5400000)
 tenured generation   total 40960K, used 0K [0x00000000d8150000, 0x00000000da950000, 0x0000000100000000)
   the space 40960K,   0% used [0x00000000d8150000, 0x00000000d8150000, 0x00000000d8150200, 0x00000000da950000)
 Metaspace       used 7776K, committed 8000K, reserved 1064960K
  class space    used 1106K, committed 1216K, reserved 1048576K
}
Event: 1,343 GC heap after
{Heap after GC invocations=2 (full 0):
 def new generation   total 18432K, used 1932K [0x00000000c4200000, 0x00000000c5600000, 0x00000000d8150000)
  eden space 16384K,   0% used [0x00000000c4200000, 0x00000000c4200000, 0x00000000c5200000)
  from space 2048K,  94% used [0x00000000c5200000, 0x00000000c53e33e0, 0x00000000c5400000)
  to   space 2048K,   0% used [0x00000000c5400000, 0x00000000c5400000, 0x00000000c5600000)
 tenured generation   total 40960K, used 1858K [0x00000000d8150000, 0x00000000da950000, 0x0000000100000000)
   the space 40960K,   4% used [0x00000000d8150000, 0x00000000d8320a70, 0x00000000d8320c00, 0x00000000da950000)
 Metaspace       used 7776K, committed 8000K, reserved 1064960K
  class space    used 1106K, committed 1216K, reserved 1048576K
}
Event: 1,720 GC heap before
{Heap before GC invocations=2 (full 0):
 def new generation   total 18432K, used 12809K [0x00000000c4200000, 0x00000000c5600000, 0x00000000d8150000)
  eden space 16384K,  66% used [0x00000000c4200000, 0x00000000c4c9f0a0, 0x00000000c5200000)
  from space 2048K,  94% used [0x00000000c5200000, 0x00000000c53e33e0, 0x00000000c5400000)
  to   space 2048K,   0% used [0x00000000c5400000, 0x00000000c5400000, 0x00000000c5600000)
 tenured generation   total 40960K, used 1858K [0x00000000d8150000, 0x00000000da950000, 0x0000000100000000)
   the space 40960K,   4% used [0x00000000d8150000, 0x00000000d8320a70, 0x00000000d8320c00, 0x00000000da950000)
 Metaspace       used 10519K, committed 10752K, reserved 1064960K
  class space    used 1611K, committed 1728K, reserved 1048576K
}
Event: 1,729 GC heap after
{Heap after GC invocations=3 (full 0):
 def new generation   total 18432K, used 1574K [0x00000000c4200000, 0x00000000c5600000, 0x00000000d8150000)
  eden space 16384K,   0% used [0x00000000c4200000, 0x00000000c4200000, 0x00000000c5200000)
  from space 2048K,  76% used [0x00000000c5400000, 0x00000000c5589810, 0x00000000c5600000)
  to   space 2048K,   0% used [0x00000000c5200000, 0x00000000c5200000, 0x00000000c5400000)
 tenured generation   total 40960K, used 3762K [0x00000000d8150000, 0x00000000da950000, 0x0000000100000000)
   the space 40960K,   9% used [0x00000000d8150000, 0x00000000d84fc920, 0x00000000d84fca00, 0x00000000da950000)
 Metaspace       used 10519K, committed 10752K, reserved 1064960K
  class space    used 1611K, committed 1728K, reserved 1048576K
}

