# JRE version: OpenJDK Runtime Environment (17.0.1+12) (build 17.0.1+12-39)
# Java VM: OpenJDK 64-Bit Server VM (17.0.1+12-39, mixed mode, sharing, tiered, compressed oops, compressed class ptrs, serial gc, linux-amd64)
GC Precious Log:
 CPUs: 1 total, 1 available
 Memory: 3827M
 Large Page Support: Disabled
 NUMA Support: Disabled
 Compressed Oops: Enabled (32-bit)
 Heap Min Capacity: 8M
 Heap Initial Capacity: 60M
 Heap Max Capacity: 958M
 Pre-touch: Disabled
Heap:
 def new generation   total 18432K, used 12115K [0x00000000c4200000, 0x00000000c5600000, 0x00000000d8150000)
  eden space 16384K,  61% used [0x00000000c4200000, 0x00000000c4bda980, 0x00000000c5200000)
  from space 2048K,  98% used [0x00000000c5200000, 0x00000000c53fa308, 0x00000000c5400000)
  to   space 2048K,   0% used [0x00000000c5400000, 0x00000000c5400000, 0x00000000c5600000)
 tenured generation   total 40960K, used 13449K [0x00000000d8150000, 0x00000000da950000, 0x0000000100000000)
   the space 40960K,  32% used [0x00000000d8150000, 0x00000000d8e72630, 0x00000000d8e72800, 0x00000000da950000)
 Metaspace       used 17774K, committed 17984K, reserved 1064960K
  class space    used 2640K, committed 2752K, reserved 1048576K
GC Heap History (8 events):
Event: 0,887 GC heap before
{Heap before GC invocations=0 (full 0):
 def new generation   total 18432K, used 16384K [0x00000000c4200000, 0x00000000c5600000, 0x00000000d8150000)
  eden space 16384K, 100% used [0x00000000c4200000, 0x00000000c5200000, 0x00000000c5200000)
  from space 2048K,   0% used [0x00000000c5200000, 0x00000000c5200000, 0x00000000c5400000)
  to   space 2048K,   0% used [0x00000000c5400000, 0x00000000c5400000, 0x00000000c5600000)
 tenured generation   total 40960K, used 0K [0x00000000d8150000, 0x00000000da950000, 0x0000000100000000)
   the space 40960K,   0% used [0x00000000d8150000, 0x00000000d8150000, 0x00000000d8150200, 0x00000000da950000)
 Metaspace       used 4055K, committed 4224K, reserved 1056768K
  class space    used 419K, committed 512K, reserved 1048576K
}
Event: 0,890 GC heap after
{Heap after GC invocations=1 (full 0):
 def new generation   total 18432K, used 2002K [0x00000000c4200000, 0x00000000c5600000, 0x00000000d8150000)
  eden space 16384K,   0% used [0x00000000c4200000, 0x00000000c4200000, 0x00000000c5200000)
  from space 2048K,  97% used [0x00000000c5400000, 0x00000000c55f4818, 0x00000000c5600000)
  to   space 2048K,   0% used [0x00000000c5200000, 0x00000000c5200000, 0x00000000c5400000)
 tenured generation   total 40960K, used 0K [0x00000000d8150000, 0x00000000da950000, 0x0000000100000000)
   the space 40960K,   0% used [0x00000000d8150000, 0x00000000d8150000, 0x00000000d8150200, 0x00000000da950000)
 Metaspace       used 4055K, committed 4224K, reserved 1056768K
  class space    used 419K, committed 512K, reserved 1048576K
}
Event: 1,432 GC heap before
{Heap before GC invocations=1 (full 0):
 def new generation   total 18432K, used 18386K [0x00000000c4200000, 0x00000000c5600000, 0x00000000d8150000)
  eden space 16384K, 100% used [0x00000000c4200000, 0x00000000c5200000, 0x00000000c5200000)
  from space 2048K,  97% used [0x00000000c5400000, 0x00000000c55f4818, 0x00000000c5600000)
  to   space 2048K,   0% used [0x00000000c5200000, 0x00000000c5200000, 0x00000000c5400000)
 tenured generation   total 40960K, used 0K [0x00000000d8150000, 0x00000000da950000, 0x0000000100000000)
   the space 40960K,   0% used [0x00000000d8150000, 0x00000000d8150000, 0x00000000d8150200, 0x00000000da950000)
 Metaspace       used 9270K, committed 9536K, reserved 1064960K
  class space    used 1209K, committed 1344K, reserved 1048576K
}
Event: 1,437 GC heap after
{Heap after GC invocations=2 (full 0):
 def new generation   total 18432K, used 2047K [0x00000000c4200000, 0x00000000c5600000, 0x00000000d8150000)
  eden space 16384K,   0% used [0x00000000c4200000, 0x00000000c4200000, 0x00000000c5200000)
  from space 2048K,  99% used [0x00000000c5200000, 0x00000000c53ffff8, 0x00000000c5400000)
  to   space 2048K,   0% used [0x00000000c5400000, 0x00000000c5400000, 0x00000000c5600000)
 tenured generation   total 40960K, used 2163K [0x00000000d8150000, 0x00000000da950000, 0x0000000100000000)
   the space 40960K,   5% used [0x00000000d8150000, 0x00000000d836cc70, 0x00000000d836ce00, 0x00000000da950000)
 Metaspace       used 9270K, committed 9536K, reserved 1064960K
  class space    used 1209K, committed 1344K, reserved 1048576K
}
Event: 1,988 GC heap before
{Heap before GC invocations=2 (full 0):
 def new generation   total 18432K, used 18431K [0x00000000c4200000, 0x00000000c5600000, 0x00000000d8150000)
  eden space 16384K, 100% used [0x00000000c4200000, 0x00000000c5200000, 0x00000000c5200000)
  from space 2048K,  99% used [0x00000000c5200000, 0x00000000c53ffff8, 0x00000000c5400000)
  to   space 2048K,   0% used [0x00000000c5400000, 0x00000000c5400000, 0x00000000c5600000)
 tenured generation   total 40960K, used 2163K [0x00000000d8150000, 0x00000000da950000, 0x0000000100000000)
   the space 40960K,   5% used [0x00000000d8150000, 0x00000000d836cc70, 0x00000000d836ce00, 0x00000000da950000)
 Metaspace       used 13526K, committed 13760K, reserved 1064960K
  class space    used 2040K, committed 2112K, reserved 1048576K
}
Event: 1,993 GC heap after
{Heap after GC invocations=3 (full 0):
 def new generation   total 18432K, used 1110K [0x00000000c4200000, 0x00000000c5600000, 0x00000000d8150000)
  eden space 16384K,   0% used [0x00000000c4200000, 0x00000000c4200000, 0x00000000c5200000)
  from space 2048K,  54% used [0x00000000c5400000, 0x00000000c55159c8, 0x00000000c5600000)
  to   space 2048K,   0% used [0x00000000c5200000, 0x00000000c5200000, 0x00000000c5400000)
 tenured generation   total 40960K, used 4195K [0x00000000d8150000, 0x00000000da950000, 0x0000000100000000)
   the space 40960K,  10% used [0x00000000d8150000, 0x00000000d8568c78, 0x00000000d8568e00, 0x00000000da950000)
 Metaspace       used 13526K, committed 13760K, reserved 1064960K
  class space    used 2040K, committed 2112K, reserved 1048576K
}
Event: 3,433 GC heap before
{Heap before GC invocations=3 (full 0):
 def new generation   total 18432K, used 17494K [0x00000000c4200000, 0x00000000c5600000, 0x00000000d8150000)
  eden space 16384K, 100% used [0x00000000c4200000, 0x00000000c5200000, 0x00000000c5200000)
  from space 2048K,  54% used [0x00000000c5400000, 0x00000000c55159c8, 0x00000000c5600000)
  to   space 2048K,   0% used [0x00000000c5200000, 0x00000000c5200000, 0x00000000c5400000)
 tenured generation   total 40960K, used 4195K [0x00000000d8150000, 0x00000000da950000, 0x0000000100000000)
   the space 40960K,  10% used [0x00000000d8150000, 0x00000000d8568c78, 0x00000000d8568e00, 0x00000000da950000)
 Metaspace       used 15562K, committed 15808K, reserved 1064960K
  class space    used 2284K, committed 2432K, reserved 1048576K
}
Event: 3,442 GC heap after
{Heap after GC invocations=4 (full 0):
 def new generation   total 18432K, used 2024K [0x00000000c4200000, 0x00000000c5600000, 0x00000000d8150000)
  eden space 16384K,   0% used [0x00000000c4200000, 0x00000000c4200000, 0x00000000c5200000)
  from space 2048K,  98% used [0x00000000c5200000, 0x00000000c53fa308, 0x00000000c5400000)
  to   space 2048K,   0% used [0x00000000c5400000, 0x00000000c5400000, 0x00000000c5600000)
 tenured generation   total 40960K, used 13449K [0x00000000d8150000, 0x00000000da950000, 0x0000000100000000)
   the space 40960K,  32% used [0x00000000d8150000, 0x00000000d8e72630, 0x00000000d8e72800, 0x00000000da950000)
 Metaspace       used 15562K, committed 15808K, reserved 1064960K
  class space    used 2284K, committed 2432K, reserved 1048576K
}

