# JRE version: OpenJDK Runtime Environment (17.0.1+12) (build 17.0.1+12-39)
# Java VM: OpenJDK 64-Bit Server VM (17.0.1+12-39, mixed mode, sharing, tiered, compressed oops, compressed class ptrs, serial gc, linux-amd64)
GC Precious Log:
 CPUs: 1 total, 1 available
 Memory: 3827M
 Large Page Support: Disabled
 NUMA Support: Disabled
 Compressed Oops: Enabled (32-bit)
 Heap Min Capacity: 8M
 Heap Initial Capacity: 60M
 Heap Max Capacity: 958M
 Pre-touch: Disabled
Heap:
 def new generation   total 18432K, used 11865K [0x00000000c4200000, 0x00000000c5600000, 0x00000000d8150000)
  eden space 16384K,  60% used [0x00000000c4200000, 0x00000000c4b9a318, 0x00000000c5200000)
  from space 2048K,  99% used [0x00000000c5200000, 0x00000000c53fc2e0, 0x00000000c5400000)
  to   space 2048K,   0% used [0x00000000c5400000, 0x00000000c5400000, 0x00000000c5600000)
 tenured generation   total 40960K, used 13451K [0x00000000d8150000, 0x00000000da950000, 0x0000000100000000)
   the space 40960K,  32% used [0x00000000d8150000, 0x00000000d8e72c48, 0x00000000d8e72e00, 0x00000000da950000)
 Metaspace       used 17742K, committed 17984K, reserved 1064960K
  class space    used 2638K, committed 2752K, reserved 1048576K
GC Heap History (8 events):
Event: 0,916 GC heap before
{Heap before GC invocations=0 (full 0):
 def new generation   total 18432K, used 16384K [0x00000000c4200000, 0x00000000c5600000, 0x00000000d8150000)
  eden space 16384K, 100% used [0x00000000c4200000, 0x00000000c5200000, 0x00000000c5200000)
  from space 2048K,   0% used [0x00000000c5200000, 0x00000000c5200000, 0x00000000c5400000)
  to   space 2048K,   0% used [0x00000000c5400000, 0x00000000c5400000, 0x00000000c5600000)
 tenured generation   total 40960K, used 0K [0x00000000d8150000, 0x00000000da950000, 0x0000000100000000)
   the space 40960K,   0% used [0x00000000d8150000, 0x00000000d8150000, 0x00000000d8150200, 0x00000000da950000)
 Metaspace       used 4061K, committed 4224K, reserved 1056768K
  class space    used 419K, committed 512K, reserved 1048576K
}
Event: 0,919 GC heap after
{Heap after GC invocations=1 (full 0):
 def new generation   total 18432K, used 2047K [0x00000000c4200000, 0x00000000c5600000, 0x00000000d8150000)
  eden space 16384K,   0% used [0x00000000c4200000, 0x00000000c4200000, 0x00000000c5200000)
  from space 2048K,  99% used [0x00000000c5400000, 0x00000000c55ffff8, 0x00000000c5600000)
  to   space 2048K,   0% used [0x00000000c5200000, 0x00000000c5200000, 0x00000000c5400000)
 tenured generation   total 40960K, used 2K [0x00000000d8150000, 0x00000000da950000, 0x0000000100000000)
   the space 40960K,   0% used [0x00000000d8150000, 0x00000000d8150ad0, 0x00000000d8150c00, 0x00000000da950000)
 Metaspace       used 4061K, committed 4224K, reserved 1056768K
  class space    used 419K, committed 512K, reserved 1048576K
}
Event: 1,464 GC heap before
{Heap before GC invocations=1 (full 0):
 def new generation   total 18432K, used 18431K [0x00000000c4200000, 0x00000000c5600000, 0x00000000d8150000)
  eden space 16384K, 100% used [0x00000000c4200000, 0x00000000c5200000, 0x00000000c5200000)
  from space 2048K,  99% used [0x00000000c5400000, 0x00000000c55ffff8, 0x00000000c5600000)
  to   space 2048K,   0% used [0x00000000c5200000, 0x00000000c5200000, 0x00000000c5400000)
 tenured generation   total 40960K, used 2K [0x00000000d8150000, 0x00000000da950000, 0x0000000100000000)
   the space 40960K,   0% used [0x00000000d8150000, 0x00000000d8150ad0, 0x00000000d8150c00, 0x00000000da950000)
 Metaspace       used 9251K, committed 9472K, reserved 1064960K
  class space    used 1209K, committed 1344K, reserved 1048576K
}
Event: 1,469 GC heap after
{Heap after GC invocations=2 (full 0):
 def new generation   total 18432K, used 2047K [0x00000000c4200000, 0x00000000c5600000, 0x00000000d8150000)
  eden space 16384K,   0% used [0x00000000c4200000, 0x00000000c4200000, 0x00000000c5200000)
  from space 2048K,  99% used [0x00000000c5200000, 0x00000000c53ffff8, 0x00000000c5400000)
  to   space 2048K,   0% used [0x00000000c5400000, 0x00000000c5400000, 0x00000000c5600000)
 tenured generation   total 40960K, used 2161K [0x00000000d8150000, 0x00000000da950000, 0x0000000100000000)
   the space 40960K,   5% used [0x00000000d8150000, 0x00000000d836c4d0, 0x00000000d836c600, 0x00000000da950000)
 Metaspace       used 9251K, committed 9472K, reserved 1064960K
  class space    used 1209K, committed 1344K, reserved 1048576K
}
Event: 2,059 GC heap before
{Heap before GC invocations=2 (full 0):
 def new generation   total 18432K, used 18431K [0x00000000c4200000, 0x00000000c5600000, 0x00000000d8150000)
  eden space 16384K, 100% used [0x00000000c4200000, 0x00000000c5200000, 0x00000000c5200000)
  from space 2048K,  99% used [0x00000000c5200000, 0x00000000c53ffff8, 0x00000000c5400000)
  to   space 2048K,   0% used [0x00000000c5400000, 0x00000000c5400000, 0x00000000c5600000)
 tenured generation   total 40960K, used 2161K [0x00000000d8150000, 0x00000000da950000, 0x0000000100000000)
   the space 40960K,   5% used [0x00000000d8150000, 0x00000000d836c4d0, 0x00000000d836c600, 0x00000000da950000)
 Metaspace       used 13465K, committed 13696K, reserved 1064960K
  class space    used 2040K, committed 2112K, reserved 1048576K
}
Event: 2,068 GC heap after
{Heap after GC invocations=3 (full 0):
 def new generation   total 18432K, used 1115K [0x00000000c4200000, 0x00000000c5600000, 0x00000000d8150000)
  eden space 16384K,   0% used [0x00000000c4200000, 0x00000000c4200000, 0x00000000c5200000)
  from space 2048K,  54% used [0x00000000c5400000, 0x00000000c5516c20, 0x00000000c5600000)
  to   space 2048K,   0% used [0x00000000c5200000, 0x00000000c5200000, 0x00000000c5400000)
 tenured generation   total 40960K, used 4193K [0x00000000d8150000, 0x00000000da950000, 0x0000000100000000)
   the space 40960K,  10% used [0x00000000d8150000, 0x00000000d8568510, 0x00000000d8568600, 0x00000000da950000)
 Metaspace       used 13465K, committed 13696K, reserved 1064960K
  class space    used 2040K, committed 2112K, reserved 1048576K
}
Event: 3,531 GC heap before
{Heap before GC invocations=3 (full 0):
 def new generation   total 18432K, used 17499K [0x00000000c4200000, 0x00000000c5600000, 0x00000000d8150000)
  eden space 16384K, 100% used [0x00000000c4200000, 0x00000000c5200000, 0x00000000c5200000)
  from space 2048K,  54% used [0x00000000c5400000, 0x00000000c5516c20, 0x00000000c5600000)
  to   space 2048K,   0% used [0x00000000c5200000, 0x00000000c5200000, 0x00000000c5400000)
 tenured generation   total 40960K, used 4193K [0x00000000d8150000, 0x00000000da950000, 0x0000000100000000)
   the space 40960K,  10% used [0x00000000d8150000, 0x00000000d8568510, 0x00000000d8568600, 0x00000000da950000)
 Metaspace       used 15619K, committed 15808K, reserved 1064960K
  class space    used 2303K, committed 2432K, reserved 1048576K
}
Event: 3,558 GC heap after
{Heap after GC invocations=4 (full 0):
 def new generation   total 18432K, used 2032K [0x00000000c4200000, 0x00000000c5600000, 0x00000000d8150000)
  eden space 16384K,   0% used [0x00000000c4200000, 0x00000000c4200000, 0x00000000c5200000)
  from space 2048K,  99% used [0x00000000c5200000, 0x00000000c53fc2e0, 0x00000000c5400000)
  to   space 2048K,   0% used [0x00000000c5400000, 0x00000000c5400000, 0x00000000c5600000)
 tenured generation   total 40960K, used 13451K [0x00000000d8150000, 0x00000000da950000, 0x0000000100000000)
   the space 40960K,  32% used [0x00000000d8150000, 0x00000000d8e72c48, 0x00000000d8e72e00, 0x00000000da950000)
 Metaspace       used 15619K, committed 15808K, reserved 1064960K
  class space    used 2303K, committed 2432K, reserved 1048576K
}

